<?xml version="1.0" encoding="UTF-8"?>
<testsuite xmlns:xsi="http://www.w3.org/2001/XMLSchema-instance" xsi:schemaLocation="https://maven.apache.org/surefire/maven-surefire-plugin/xsd/surefire-test-report.xsd" name="tn.esprit.spring.InstructorServiceImplTest" time="1.093" tests="5" errors="0" skipped="0" failures="0">
  <properties>
[...]
</properties>
  <testcase name="testAddInstructor" classname="tn.esprit.spring.InstructorServiceImplTest" time="0.956"/>
  <testcase name="testUpdateInstructor" classname="tn.esprit.spring.InstructorServiceImplTest" time="0.002"/>
  <testcase name="testRetrieveAllInstructors" classname="tn.esprit.spring.InstructorServiceImplTest" time="0.002"/>
  <testcase name="testRetrieveInstructor" classname="tn.esprit.spring.InstructorServiceImplTest" time="0.003"/>
  <testcase name="testAddInstructorAndAssignToCourse" classname="tn.esprit.spring.InstructorServiceImplTest" time="0.002"/>
</testsuite>